# JRE version: OpenJDK Runtime Environment Temurin-25.0.1+8 (25.0.1+8) (build 25.0.1+8-LTS)
# Java VM: OpenJDK 64-Bit Server VM Temurin-25.0.1+8 (25.0.1+8-LTS, mixed mode, sharing, tiered, compressed oops, compressed class ptrs, g1 gc, windows-amd64)
GC Precious Log:
 CardTable entry size: 512
 Card Set container configuration: InlinePtr #cards 4 size 8 Array Of Cards #cards 16 size 48 Howl #buckets 8 coarsen threshold 3686 Howl Bitmap #cards 512 size 80 coarsen threshold 460 Card regions per heap region 1 cards per card region 4096
 CPUs: 4 total, 4 available
 Memory: 16281M
 Large Page Support: Disabled
 NUMA Support: Disabled
 Compressed Oops: Enabled (Zero based)
 Heap Region Size: 2M
 Heap Min Capacity: 8M
 Heap Initial Capacity: 256M
 Heap Max Capacity: 4072M
 Pre-touch: Disabled
 Parallel Workers: 4
 Concurrent Workers: 1
 Concurrent Refinement Workers: 4
 Periodic GC: Disabled
Heap:
 garbage-first heap   total reserved 4169728K, committed 143360K, used 68516K [0x0000000701800000, 0x0000000800000000)
  region size 2048K, 10 young (20480K), 3 survivors (6144K)
GC Heap Usage History (16 events):
Event: 0.921 {heap Before GC invocations=0 (full 0):
 garbage-first heap   total reserved 4169728K, committed 264192K, used 54419K [0x0000000701800000, 0x0000000800000000)
  region size 2048K, 14 young (28672K), 0 survivors (0K)
}
Event: 0.928 {heap After GC invocations=1 (full 0):
 garbage-first heap   total reserved 4169728K, committed 264192K, used 29523K [0x0000000701800000, 0x0000000800000000)
  region size 2048K, 2 young (4096K), 2 survivors (4096K)
}
Event: 2.859 {heap Before GC invocations=1 (full 0):
 garbage-first heap   total reserved 4169728K, committed 264192K, used 142163K [0x0000000701800000, 0x0000000800000000)
  region size 2048K, 53 young (108544K), 2 survivors (4096K)
}
Event: 2.877 {heap After GC invocations=2 (full 0):
 garbage-first heap   total reserved 4169728K, committed 264192K, used 40313K [0x0000000701800000, 0x0000000800000000)
  region size 2048K, 7 young (14336K), 7 survivors (14336K)
}
Event: 3.306 {heap Before GC invocations=2 (full 0):
 garbage-first heap   total reserved 4169728K, committed 264192K, used 66937K [0x0000000701800000, 0x0000000800000000)
  region size 2048K, 21 young (43008K), 7 survivors (14336K)
}
Event: 3.320 {heap After GC invocations=3 (full 0):
 garbage-first heap   total reserved 4169728K, committed 264192K, used 39280K [0x0000000701800000, 0x0000000800000000)
  region size 2048K, 2 young (4096K), 2 survivors (4096K)
}
Event: 5.513 {heap Before GC invocations=4 (full 0):
 garbage-first heap   total reserved 4169728K, committed 143360K, used 110960K [0x0000000701800000, 0x0000000800000000)
  region size 2048K, 39 young (79872K), 2 survivors (4096K)
}
Event: 5.528 {heap After GC invocations=5 (full 0):
 garbage-first heap   total reserved 4169728K, committed 143360K, used 47720K [0x0000000701800000, 0x0000000800000000)
  region size 2048K, 6 young (12288K), 6 survivors (12288K)
}
Event: 5.562 {heap Before GC invocations=5 (full 0):
 garbage-first heap   total reserved 4169728K, committed 143360K, used 49768K [0x0000000701800000, 0x0000000800000000)
  region size 2048K, 8 young (16384K), 6 survivors (12288K)
}
Event: 5.579 {heap After GC invocations=6 (full 0):
 garbage-first heap   total reserved 4169728K, committed 143360K, used 48332K [0x0000000701800000, 0x0000000800000000)
  region size 2048K, 1 young (2048K), 1 survivors (2048K)
}
Event: 5.622 {heap Before GC invocations=6 (full 0):
 garbage-first heap   total reserved 4169728K, committed 143360K, used 52428K [0x0000000701800000, 0x0000000800000000)
  region size 2048K, 4 young (8192K), 1 survivors (2048K)
}
Event: 5.624 {heap After GC invocations=7 (full 0):
 garbage-first heap   total reserved 4169728K, committed 143360K, used 47164K [0x0000000701800000, 0x0000000800000000)
  region size 2048K, 1 young (2048K), 1 survivors (2048K)
}
Event: 8.007 {heap Before GC invocations=8 (full 0):
 garbage-first heap   total reserved 4169728K, committed 143360K, used 112700K [0x0000000701800000, 0x0000000800000000)
  region size 2048K, 34 young (69632K), 1 survivors (2048K)
}
Event: 8.017 {heap After GC invocations=9 (full 0):
 garbage-first heap   total reserved 4169728K, committed 143360K, used 54556K [0x0000000701800000, 0x0000000800000000)
  region size 2048K, 4 young (8192K), 4 survivors (8192K)
}
Event: 9.359 {heap Before GC invocations=9 (full 0):
 garbage-first heap   total reserved 4169728K, committed 143360K, used 118044K [0x0000000701800000, 0x0000000800000000)
  region size 2048K, 35 young (71680K), 4 survivors (8192K)
}
Event: 9.376 {heap After GC invocations=10 (full 0):
 garbage-first heap   total reserved 4169728K, committed 143360K, used 58276K [0x0000000701800000, 0x0000000800000000)
  region size 2048K, 3 young (6144K), 3 survivors (6144K)
}

