# JRE version: OpenJDK Runtime Environment Temurin-25.0.1+8 (25.0.1+8) (build 25.0.1+8-LTS)
# Java VM: OpenJDK 64-Bit Server VM Temurin-25.0.1+8 (25.0.1+8-LTS, mixed mode, sharing, tiered, compressed oops, compressed class ptrs, g1 gc, windows-amd64)
GC Precious Log:
 CardTable entry size: 512
 Card Set container configuration: InlinePtr #cards 4 size 8 Array Of Cards #cards 16 size 48 Howl #buckets 8 coarsen threshold 3686 Howl Bitmap #cards 512 size 80 coarsen threshold 460 Card regions per heap region 1 cards per card region 4096
 CPUs: 4 total, 4 available
 Memory: 16281M
 Large Page Support: Disabled
 NUMA Support: Disabled
 Compressed Oops: Enabled (Zero based)
 Heap Region Size: 2M
 Heap Min Capacity: 8M
 Heap Initial Capacity: 256M
 Heap Max Capacity: 4072M
 Pre-touch: Disabled
 Parallel Workers: 4
 Concurrent Workers: 1
 Concurrent Refinement Workers: 4
 Periodic GC: Disabled
Heap:
 garbage-first heap   total reserved 4169728K, committed 137216K, used 77233K [0x0000000701800000, 0x0000000800000000)
  region size 2048K, 13 young (26624K), 2 survivors (4096K)
GC Heap Usage History (16 events):
Event: 2.320 {heap Before GC invocations=0 (full 0):
 garbage-first heap   total reserved 4169728K, committed 264192K, used 42131K [0x0000000701800000, 0x0000000800000000)
  region size 2048K, 14 young (28672K), 0 survivors (0K)
}
Event: 2.326 {heap After GC invocations=1 (full 0):
 garbage-first heap   total reserved 4169728K, committed 264192K, used 17483K [0x0000000701800000, 0x0000000800000000)
  region size 2048K, 2 young (4096K), 2 survivors (4096K)
}
Event: 4.610 {heap Before GC invocations=1 (full 0):
 garbage-first heap   total reserved 4169728K, committed 264192K, used 146507K [0x0000000701800000, 0x0000000800000000)
  region size 2048K, 56 young (114688K), 2 survivors (4096K)
}
Event: 4.628 {heap After GC invocations=2 (full 0):
 garbage-first heap   total reserved 4169728K, committed 264192K, used 44286K [0x0000000701800000, 0x0000000800000000)
  region size 2048K, 7 young (14336K), 7 survivors (14336K)
}
Event: 5.211 {heap Before GC invocations=2 (full 0):
 garbage-first heap   total reserved 4169728K, committed 264192K, used 66814K [0x0000000701800000, 0x0000000800000000)
  region size 2048K, 19 young (38912K), 7 survivors (14336K)
}
Event: 5.229 {heap After GC invocations=3 (full 0):
 garbage-first heap   total reserved 4169728K, committed 264192K, used 38270K [0x0000000701800000, 0x0000000800000000)
  region size 2048K, 1 young (2048K), 1 survivors (2048K)
}
Event: 7.328 {heap Before GC invocations=4 (full 0):
 garbage-first heap   total reserved 4169728K, committed 137216K, used 111998K [0x0000000701800000, 0x0000000800000000)
  region size 2048K, 38 young (77824K), 1 survivors (2048K)
}
Event: 7.347 {heap After GC invocations=5 (full 0):
 garbage-first heap   total reserved 4169728K, committed 137216K, used 47416K [0x0000000701800000, 0x0000000800000000)
  region size 2048K, 6 young (12288K), 6 survivors (12288K)
}
Event: 7.391 {heap Before GC invocations=5 (full 0):
 garbage-first heap   total reserved 4169728K, committed 137216K, used 53560K [0x0000000701800000, 0x0000000800000000)
  region size 2048K, 11 young (22528K), 6 survivors (12288K)
}
Event: 7.406 {heap After GC invocations=6 (full 0):
 garbage-first heap   total reserved 4169728K, committed 137216K, used 48125K [0x0000000701800000, 0x0000000800000000)
  region size 2048K, 1 young (2048K), 1 survivors (2048K)
}
Event: 7.473 {heap Before GC invocations=6 (full 0):
 garbage-first heap   total reserved 4169728K, committed 137216K, used 50173K [0x0000000701800000, 0x0000000800000000)
  region size 2048K, 3 young (6144K), 1 survivors (2048K)
}
Event: 7.475 {heap After GC invocations=7 (full 0):
 garbage-first heap   total reserved 4169728K, committed 137216K, used 47142K [0x0000000701800000, 0x0000000800000000)
  region size 2048K, 1 young (2048K), 1 survivors (2048K)
}
Event: 9.476 {heap Before GC invocations=8 (full 0):
 garbage-first heap   total reserved 4169728K, committed 137216K, used 108582K [0x0000000701800000, 0x0000000800000000)
  region size 2048K, 32 young (65536K), 1 survivors (2048K)
}
Event: 9.486 {heap After GC invocations=9 (full 0):
 garbage-first heap   total reserved 4169728K, committed 137216K, used 54215K [0x0000000701800000, 0x0000000800000000)
  region size 2048K, 4 young (8192K), 4 survivors (8192K)
}
Event: 10.394 {heap Before GC invocations=9 (full 0):
 garbage-first heap   total reserved 4169728K, committed 137216K, used 113607K [0x0000000701800000, 0x0000000800000000)
  region size 2048K, 33 young (67584K), 4 survivors (8192K)
}
Event: 10.406 {heap After GC invocations=10 (full 0):
 garbage-first heap   total reserved 4169728K, committed 137216K, used 56753K [0x0000000701800000, 0x0000000800000000)
  region size 2048K, 2 young (4096K), 2 survivors (4096K)
}

